\BOOKMARK [0][-]{dummy.2}{\376\377\000A\000b\000s\000t\000r\000a\000c\000t}{}% 1
\BOOKMARK [0][-]{dummy.3}{\376\377\000A\000c\000k\000n\000o\000w\000l\000e\000d\000g\000e\000m\000e\000n\000t\000s}{}% 2
\BOOKMARK [0][-]{chapter*.4}{\376\377\000C\000o\000n\000t\000e\000n\000t\000s}{}% 3
\BOOKMARK [0][-]{chapter*.5}{\376\377\000L\000i\000s\000t\000\040\000o\000f\000\040\000F\000i\000g\000u\000r\000e\000s}{}% 4
\BOOKMARK [0][-]{chapter*.6}{\376\377\000L\000i\000s\000t\000\040\000o\000f\000\040\000T\000a\000b\000l\000e\000s}{}% 5
\BOOKMARK [0][-]{chapter.7}{\376\377\0001\000\040\000T\000h\000e\000\040\000D\000e\000s\000i\000g\000n\000\040\000a\000n\000d\000\040\000D\000e\000v\000e\000l\000o\000p\000m\000e\000n\000t\000\040\000o\000f\000\040\000t\000h\000e\000\040\000I\000m\000m\000o\000t\000i\000o\000n\000\040\000E\000x\000e\000r\000g\000a\000m\000e}{}% 6
\BOOKMARK [1][-]{section.8}{\376\377\0001\000.\0001\000\040\000O\000v\000e\000r\000v\000i\000e\000w\000\040\000o\000f\000\040\000U\000s\000e\000r\000\040\000C\000e\000n\000t\000e\000r\000e\000d\000\040\000D\000e\000s\000i\000g\000n}{chapter.7}% 7
\BOOKMARK [1][-]{section.9}{\376\377\0001\000.\0002\000\040\000T\000h\000e\000\040\000C\000o\000n\000t\000e\000x\000t\000\040\000o\000f\000\040\000U\000s\000e}{chapter.7}% 8
\BOOKMARK [1][-]{section.10}{\376\377\0001\000.\0003\000\040\000O\000v\000e\000r\000v\000i\000e\000w\000\040\000o\000f\000\040\000t\000h\000e\000\040\000D\000e\000v\000e\000l\000o\000p\000m\000e\000n\000t\000\040\000P\000h\000a\000s\000e\000s}{chapter.7}% 9
\BOOKMARK [2][-]{subsection.12}{\376\377\0001\000.\0003\000.\0001\000\040\000R\000e\000q\000u\000i\000r\000e\000m\000e\000n\000t\000s\000\040\000G\000a\000t\000h\000e\000r\000i\000n\000g}{section.10}% 10
\BOOKMARK [2][-]{subsection.13}{\376\377\0001\000.\0003\000.\0002\000\040\000P\000r\000o\000t\000o\000t\000y\000p\000e\000\040\000D\000e\000v\000e\000l\000o\000p\000m\000e\000n\000t}{section.10}% 11
\BOOKMARK [3][-]{subsubsection.14}{\376\377\0001\000.\0003\000.\0002\000.\0001\000\040\000G\000a\000m\000e\000\040\000D\000e\000s\000c\000r\000i\000p\000t\000i\000o\000n}{subsection.13}% 12
\BOOKMARK [3][-]{subsubsection.17}{\376\377\0001\000.\0003\000.\0002\000.\0002\000\040\000G\000a\000m\000i\000f\000i\000c\000a\000t\000i\000o\000n\000\040\000E\000l\000e\000m\000e\000n\000t\000s}{subsection.13}% 13
\BOOKMARK [3][-]{subsubsection.18}{\376\377\0001\000.\0003\000.\0002\000.\0003\000\040\000F\000e\000e\000d\000b\000a\000c\000k}{subsection.13}% 14
\BOOKMARK [3][-]{subsubsection.19}{\376\377\0001\000.\0003\000.\0002\000.\0004\000\040\000G\000a\000m\000i\000f\000i\000c\000a\000t\000i\000o\000n\000\040\000C\000o\000m\000p\000o\000n\000e\000n\000t\000s}{subsection.13}% 15
\BOOKMARK [4][-]{section*.20}{\376\377\000P\000o\000i\000n\000t\000s}{subsubsection.19}% 16
\BOOKMARK [4][-]{figure.caption.21}{\376\377\000A\000v\000a\000t\000a\000r}{subsubsection.19}% 17
\BOOKMARK [4][-]{figure.caption.22}{\376\377\000V\000i\000s\000u\000a\000l\000\040\000F\000e\000e\000d\000b\000a\000c\000k}{subsubsection.19}% 18
\BOOKMARK [4][-]{figure.caption.22}{\376\377\000A\000u\000d\000i\000o\000\040\000F\000e\000e\000d\000b\000a\000c\000k}{subsubsection.19}% 19
\BOOKMARK [2][-]{subsection.23}{\376\377\0001\000.\0003\000.\0003\000\040\000G\000a\000m\000e\000\040\000S\000c\000e\000n\000e\000s}{section.10}% 20
\BOOKMARK [0][-]{chapter.25}{\376\377\0002\000\040\000S\000t\000u\000d\000y\000\040\000D\000e\000s\000i\000g\000n}{}% 21
\BOOKMARK [1][-]{section.26}{\376\377\0002\000.\0001\000\040\000D\000e\000s\000c\000r\000i\000p\000t\000i\000o\000n\000\040\000o\000f\000\040\000t\000h\000e\000\040\000E\000x\000p\000e\000r\000i\000m\000e\000n\000t}{chapter.25}% 22
\BOOKMARK [2][-]{subsection.27}{\376\377\0002\000.\0001\000.\0001\000\040\000I\000n\000t\000r\000o\000d\000u\000c\000t\000i\000o\000n\000\040\000a\000n\000d\000\040\000G\000o\000a\000l\000s}{section.26}% 23
\BOOKMARK [3][-]{subsubsection.32}{\376\377\0002\000.\0001\000.\0001\000.\0001\000\040\000H\000y\000p\000o\000t\000h\000e\000s\000e\000s}{subsection.27}% 24
\BOOKMARK [3][-]{subsubsection.36}{\376\377\0002\000.\0001\000.\0001\000.\0002\000\040\000A\000p\000p\000a\000r\000a\000t\000u\000s}{subsection.27}% 25
\BOOKMARK [2][-]{subsection.41}{\376\377\0002\000.\0001\000.\0002\000\040\000M\000e\000t\000h\000o\000d\000s}{section.26}% 26
\BOOKMARK [3][-]{subsubsection.42}{\376\377\0002\000.\0001\000.\0002\000.\0001\000\040\000P\000a\000r\000t\000i\000c\000i\000p\000a\000n\000t\000s}{subsection.41}% 27
\BOOKMARK [3][-]{subsubsection.43}{\376\377\0002\000.\0001\000.\0002\000.\0002\000\040\000C\000o\000n\000d\000i\000t\000i\000o\000n\000s}{subsection.41}% 28
\BOOKMARK [3][-]{subsubsection.46}{\376\377\0002\000.\0001\000.\0002\000.\0003\000\040\000C\000o\000n\000t\000r\000o\000l\000\040\000a\000n\000d\000\040\000E\000x\000p\000e\000r\000i\000m\000e\000n\000t\000\040\000G\000r\000o\000u\000p\000s}{subsection.41}% 29
\BOOKMARK [3][-]{subsubsection.47}{\376\377\0002\000.\0001\000.\0002\000.\0004\000\040\000M\000e\000a\000s\000u\000r\000e\000s\000\040\000a\000n\000d\000\040\000M\000e\000t\000r\000i\000c\000s}{subsection.41}% 30
\BOOKMARK [3][-]{subsubsection.48}{\376\377\0002\000.\0001\000.\0002\000.\0005\000\040\000T\000a\000s\000k\000s}{subsection.41}% 31
\BOOKMARK [3][-]{subsubsection.49}{\376\377\0002\000.\0001\000.\0002\000.\0006\000\040\000P\000r\000o\000c\000e\000d\000u\000r\000e}{subsection.41}% 32
\BOOKMARK [3][-]{subsubsection.50}{\376\377\0002\000.\0001\000.\0002\000.\0007\000\040\000I\000n\000d\000e\000p\000e\000n\000d\000e\000n\000t\000\040\000a\000n\000d\000\040\000D\000e\000p\000e\000n\000d\000e\000n\000t\000\040\000V\000a\000r\000i\000a\000b\000l\000e\000s}{subsection.41}% 33
\BOOKMARK [2][-]{subsection.51}{\376\377\0002\000.\0001\000.\0003\000\040\000P\000r\000o\000b\000l\000e\000m\000s\000/\000L\000i\000m\000i\000t\000a\000t\000i\000o\000n\000s\000\040\000-\000\040\000T\000h\000r\000e\000a\000t\000s\000\040\000t\000o\000\040\000V\000a\000l\000i\000d\000i\000t\000y}{section.26}% 34
\BOOKMARK [1][-]{section.52}{\376\377\0002\000.\0002\000\040\000R\000e\000s\000u\000l\000t\000s}{chapter.25}% 35
\BOOKMARK [1][-]{section.53}{\376\377\0002\000.\0003\000\040\000D\000i\000s\000c\000u\000s\000s\000i\000o\000n}{chapter.25}% 36
\BOOKMARK [2][-]{subsection.54}{\376\377\0002\000.\0003\000.\0001\000\040\000I\000n\000t\000e\000r\000p\000r\000e\000t\000a\000t\000i\000o\000n\000\040\000o\000f\000\040\000R\000e\000s\000u\000l\000t\000s}{section.53}% 37
\BOOKMARK [2][-]{subsection.55}{\376\377\0002\000.\0003\000.\0002\000\040\000R\000e\000l\000a\000t\000i\000o\000n\000\040\000t\000o\000\040\000o\000t\000h\000e\000r\000\040\000w\000o\000r\000k\000s}{section.53}% 38
\BOOKMARK [2][-]{subsection.56}{\376\377\0002\000.\0003\000.\0003\000\040\000I\000m\000p\000a\000c\000t\000\040\000f\000o\000r\000\040\000p\000r\000a\000c\000t\000i\000t\000i\000o\000n\000e\000r\000s}{section.53}% 39
\BOOKMARK [2][-]{subsection.57}{\376\377\0002\000.\0003\000.\0004\000\040\000C\000r\000i\000t\000i\000c\000a\000l\000\040\000r\000e\000f\000l\000e\000c\000t\000i\000o\000n}{section.53}% 40
\BOOKMARK [2][-]{subsection.58}{\376\377\0002\000.\0003\000.\0005\000\040\000R\000e\000s\000e\000a\000r\000c\000h\000\040\000a\000g\000e\000n\000d\000a}{section.53}% 41
\BOOKMARK [1][-]{section.59}{\376\377\0002\000.\0004\000\040\000C\000o\000n\000c\000l\000u\000s\000i\000o\000n\000s}{chapter.25}% 42
\BOOKMARK [0][-]{section*.60}{\376\377\000A\000p\000p\000e\000n\000d\000i\000c\000e\000s}{}% 43
\BOOKMARK [0][-]{Appendix.61}{\376\377\000A\000\040\000S\000e\000l\000f\000-\000A\000s\000s\000e\000s\000s\000m\000e\000n\000t\000\040\000M\000a\000n\000i\000k\000i\000n\000\040\000S\000c\000a\000l\000e}{}% 44
\BOOKMARK [0][-]{chapter*.62}{\376\377\000B\000i\000b\000l\000i\000o\000g\000r\000a\000p\000h\000y}{}% 45
